<?xml version="1.0" encoding="UTF-8"?>
<!-- Generated by org.testng.reporters.JUnitReportReporter -->
<testsuite hostname="DESKTOP-0IG00SM" failures="0" tests="3" name="test.ExcelDataProvider" time="45.947" errors="0" timestamp="2020-06-17T13:27:10 IST" skipped="0">
  <testcase classname="test.ExcelDataProvider" name="launchURL" time="7.157"/>
  <system-out/>
  <testcase classname="test.ExcelDataProvider" name="signIn" time="10.080"/>
  <system-out/>
  <testcase classname="test.ExcelDataProvider" name="addAddress" time="28.710"/>
  <system-out/>
</testsuite> <!-- test.ExcelDataProvider -->
