<?xml version="1.0" encoding="UTF-8"?>
<!-- Generated by org.testng.reporters.JUnitReportReporter -->
<testsuite hostname="DESKTOP-0IG00SM" failures="0" tests="1" name="utils.ExcelDataProvider2" time="17.371" errors="0" timestamp="2020-06-13T11:05:53 IST" skipped="0">
  <testcase classname="utils.ExcelDataProvider2" name="signInToMyProfile" time="17.371"/>
  <system-out/>
</testsuite> <!-- utils.ExcelDataProvider2 -->
