<?xml version="1.0" encoding="UTF-8"?>
<!-- Generated by org.testng.reporters.JUnitReportReporter -->
<testsuite hostname="DESKTOP-0IG00SM" failures="0" tests="1" name="test.MainTest" time="25.776" errors="0" timestamp="2020-06-15T12:19:06 IST" skipped="0">
  <testcase classname="test.MainTest" name="launchURL" time="25.776"/>
  <system-out/>
</testsuite> <!-- test.MainTest -->
