<?xml version="1.0" encoding="UTF-8"?>
<!-- Generated by org.testng.reporters.JUnitReportReporter -->
<testsuite hostname="DESKTOP-0IG00SM" failures="0" tests="1" name="test.BrowserTestNG" time="26.054" errors="0" timestamp="2020-06-11T18:21:10 IST" skipped="0">
  <testcase classname="test.BrowserTestNG" name="browserTest" time="26.054"/>
  <system-out/>
</testsuite> <!-- test.BrowserTestNG -->
