<?xml version="1.0" encoding="UTF-8"?>
<!-- Generated by org.testng.reporters.JUnitReportReporter -->
<testsuite hostname="DESKTOP-0IG00SM" failures="0" tests="3" name="test.addAndDeleteAddress" time="45.604" errors="0" timestamp="2020-06-25T10:52:04 IST" skipped="0">
  <testcase classname="test.addAndDeleteAddress" name="launchURL" time="4.576"/>
  <system-out/>
  <testcase classname="test.addAndDeleteAddress" name="signIn" time="19.828"/>
  <system-out/>
  <testcase classname="test.addAndDeleteAddress" name="addAddress" time="21.200"/>
  <system-out/>
</testsuite> <!-- test.addAndDeleteAddress -->
